<?xml version="1.0" encoding="UTF-8"?>
<!-- Generated by org.testng.reporters.JUnitReportReporter -->
<testsuite skipped="0" hostname="laptop" name="testcases.HomePage" tests="1" failures="0" timestamp="2020-07-31T22:39:39 IST" time="7.954" errors="0">
  <testcase name="signIn" time="7.954" classname="testcases.HomePage"/>
  <system-out/>
</testsuite> <!-- testcases.HomePage -->
